<?xml version="1.0" encoding="UTF-8"?>
<!-- Generated by org.testng.reporters.JUnitXMLReporter -->
<testsuite hostname="DESKTOP-8313LRD" ignored="0" name="Test" tests="1" failures="1" timestamp="2020-08-13T08:14:12 PDT" time="24.724" errors="0">
  <testcase name="CreateNewUser" time="11.408" classname="com.actitime.users.CreateUsersTest">
    <failure type="java.lang.NullPointerException">
      <![CDATA[java.lang.NullPointerException
at com.actitime.genericLib.FileLib.getCellData(FileLib.java:17)
at com.actitime.users.CreateUsersTest.CreateNewUser(CreateUsersTest.java:77)
at java.util.ArrayList.forEach(Unknown Source)
... Removed 27 stack frames]]>
    </failure>
  </testcase> <!-- CreateNewUser -->
</testsuite> <!-- Test -->
